{"C:\\Users\\USER\\Documents\\fto5\\fullstackopen\\part5\\bloglist-frontend\\src\\App.jsx": {"path":"C:\\Users\\USER\\Documents\\fto5\\fullstackopen\\part5\\bloglist-frontend\\src\\App.jsx","statementMap":{"0":{"start":{"line":9,"column":12},"end":{"line":158,"column":1}},"1":{"start":{"line":10,"column":28},"end":{"line":10,"column":40}},"2":{"start":{"line":11,"column":26},"end":{"line":11,"column":40}},"3":{"start":{"line":12,"column":34},"end":{"line":12,"column":46}},"4":{"start":{"line":13,"column":34},"end":{"line":13,"column":46}},"5":{"start":{"line":14,"column":27},"end":{"line":14,"column":39}},"6":{"start":{"line":15,"column":30},"end":{"line":15,"column":42}},"7":{"start":{"line":16,"column":24},"end":{"line":16,"column":36}},"8":{"start":{"line":17,"column":32},"end":{"line":17,"column":46}},"9":{"start":{"line":18,"column":34},"end":{"line":18,"column":46}},"10":{"start":{"line":21,"column":15},"end":{"line":37,"column":3}},"11":{"start":{"line":22,"column":19},"end":{"line":22,"column":55}},"12":{"start":{"line":23,"column":4},"end":{"line":36,"column":5}},"13":{"start":{"line":24,"column":6},"end":{"line":35,"column":7}},"14":{"start":{"line":25,"column":25},"end":{"line":25,"column":51}},"15":{"start":{"line":26,"column":24},"end":{"line":26,"column":67}},"16":{"start":{"line":26,"column":45},"end":{"line":26,"column":66}},"17":{"start":{"line":27,"column":8},"end":{"line":27,"column":25}},"18":{"start":{"line":29,"column":8},"end":{"line":29,"column":52}},"19":{"start":{"line":30,"column":8},"end":{"line":30,"column":29}},"20":{"start":{"line":31,"column":8},"end":{"line":31,"column":28}},"21":{"start":{"line":33,"column":8},"end":{"line":33,"column":26}},"22":{"start":{"line":34,"column":8},"end":{"line":34,"column":47}},"23":{"start":{"line":39,"column":18},"end":{"line":43,"column":3}},"24":{"start":{"line":40,"column":15},"end":{"line":40,"column":41}},"25":{"start":{"line":41,"column":19},"end":{"line":41,"column":55}},"26":{"start":{"line":41,"column":37},"end":{"line":41,"column":54}},"27":{"start":{"line":42,"column":4},"end":{"line":42,"column":20}},"28":{"start":{"line":45,"column":21},"end":{"line":64,"column":3}},"29":{"start":{"line":46,"column":4},"end":{"line":46,"column":22}},"30":{"start":{"line":48,"column":4},"end":{"line":63,"column":5}},"31":{"start":{"line":49,"column":6},"end":{"line":49,"column":41}},"32":{"start":{"line":50,"column":6},"end":{"line":57,"column":8}},"33":{"start":{"line":58,"column":6},"end":{"line":58,"column":21}},"34":{"start":{"line":59,"column":6},"end":{"line":59,"column":37}},"35":{"start":{"line":61,"column":6},"end":{"line":61,"column":33}},"36":{"start":{"line":62,"column":6},"end":{"line":62,"column":24}},"37":{"start":{"line":66,"column":2},"end":{"line":70,"column":8}},"38":{"start":{"line":67,"column":4},"end":{"line":67,"column":13}},"39":{"start":{"line":69,"column":4},"end":{"line":69,"column":32}},"40":{"start":{"line":72,"column":2},"end":{"line":74,"column":12}},"41":{"start":{"line":73,"column":4},"end":{"line":73,"column":21}},"42":{"start":{"line":76,"column":2},"end":{"line":83,"column":16}},"43":{"start":{"line":77,"column":27},"end":{"line":77,"column":75}},"44":{"start":{"line":78,"column":4},"end":{"line":82,"column":5}},"45":{"start":{"line":79,"column":19},"end":{"line":79,"column":45}},"46":{"start":{"line":80,"column":6},"end":{"line":80,"column":19}},"47":{"start":{"line":81,"column":6},"end":{"line":81,"column":38}},"48":{"start":{"line":85,"column":22},"end":{"line":107,"column":3}},"49":{"start":{"line":87,"column":4},"end":{"line":106,"column":5}},"50":{"start":{"line":88,"column":6},"end":{"line":88,"column":28}},"51":{"start":{"line":89,"column":6},"end":{"line":89,"column":45}},"52":{"start":{"line":90,"column":23},"end":{"line":93,"column":8}},"53":{"start":{"line":94,"column":6},"end":{"line":97,"column":7}},"54":{"start":{"line":98,"column":6},"end":{"line":98,"column":23}},"55":{"start":{"line":100,"column":6},"end":{"line":100,"column":46}},"56":{"start":{"line":101,"column":6},"end":{"line":101,"column":21}},"57":{"start":{"line":102,"column":6},"end":{"line":102,"column":21}},"58":{"start":{"line":104,"column":6},"end":{"line":104,"column":48}},"59":{"start":{"line":105,"column":6},"end":{"line":105,"column":24}},"60":{"start":{"line":108,"column":22},"end":{"line":112,"column":3}},"61":{"start":{"line":109,"column":4},"end":{"line":109,"column":21}},"62":{"start":{"line":111,"column":4},"end":{"line":111,"column":62}},"63":{"start":{"line":113,"column":2},"end":{"line":157,"column":3}},"64":{"start":{"line":148,"column":29},"end":{"line":148,"column":42}},"65":{"start":{"line":152,"column":12},"end":{"line":152,"column":58}}},"fnMap":{"0":{"name":"(anonymous_0)","decl":{"start":{"line":9,"column":12},"end":{"line":9,"column":13}},"loc":{"start":{"line":9,"column":18},"end":{"line":158,"column":1}},"line":9},"1":{"name":"(anonymous_1)","decl":{"start":{"line":21,"column":15},"end":{"line":21,"column":16}},"loc":{"start":{"line":21,"column":36},"end":{"line":37,"column":3}},"line":21},"2":{"name":"(anonymous_2)","decl":{"start":{"line":26,"column":37},"end":{"line":26,"column":38}},"loc":{"start":{"line":26,"column":45},"end":{"line":26,"column":66}},"line":26},"3":{"name":"(anonymous_3)","decl":{"start":{"line":39,"column":18},"end":{"line":39,"column":19}},"loc":{"start":{"line":39,"column":30},"end":{"line":43,"column":3}},"line":39},"4":{"name":"(anonymous_4)","decl":{"start":{"line":41,"column":27},"end":{"line":41,"column":28}},"loc":{"start":{"line":41,"column":37},"end":{"line":41,"column":54}},"line":41},"5":{"name":"(anonymous_5)","decl":{"start":{"line":45,"column":21},"end":{"line":45,"column":22}},"loc":{"start":{"line":45,"column":34},"end":{"line":64,"column":3}},"line":45},"6":{"name":"(anonymous_6)","decl":{"start":{"line":66,"column":12},"end":{"line":66,"column":13}},"loc":{"start":{"line":66,"column":18},"end":{"line":70,"column":3}},"line":66},"7":{"name":"(anonymous_7)","decl":{"start":{"line":72,"column":12},"end":{"line":72,"column":13}},"loc":{"start":{"line":72,"column":18},"end":{"line":74,"column":3}},"line":72},"8":{"name":"(anonymous_8)","decl":{"start":{"line":76,"column":12},"end":{"line":76,"column":13}},"loc":{"start":{"line":76,"column":18},"end":{"line":83,"column":3}},"line":76},"9":{"name":"(anonymous_9)","decl":{"start":{"line":85,"column":22},"end":{"line":85,"column":23}},"loc":{"start":{"line":85,"column":39},"end":{"line":107,"column":3}},"line":85},"10":{"name":"(anonymous_10)","decl":{"start":{"line":108,"column":22},"end":{"line":108,"column":23}},"loc":{"start":{"line":108,"column":28},"end":{"line":112,"column":3}},"line":108},"11":{"name":"(anonymous_11)","decl":{"start":{"line":148,"column":23},"end":{"line":148,"column":24}},"loc":{"start":{"line":148,"column":29},"end":{"line":148,"column":42}},"line":148},"12":{"name":"(anonymous_12)","decl":{"start":{"line":151,"column":21},"end":{"line":151,"column":22}},"loc":{"start":{"line":152,"column":12},"end":{"line":152,"column":58}},"line":152}},"branchMap":{"0":{"loc":{"start":{"line":23,"column":4},"end":{"line":36,"column":5}},"type":"if","locations":[{"start":{"line":23,"column":4},"end":{"line":36,"column":5}},{"start":{},"end":{}}],"line":23},"1":{"loc":{"start":{"line":78,"column":4},"end":{"line":82,"column":5}},"type":"if","locations":[{"start":{"line":78,"column":4},"end":{"line":82,"column":5}},{"start":{},"end":{}}],"line":78},"2":{"loc":{"start":{"line":119,"column":7},"end":{"line":127,"column":7}},"type":"binary-expr","locations":[{"start":{"line":119,"column":7},"end":{"line":119,"column":12}},{"start":{"line":120,"column":8},"end":{"line":126,"column":10}}],"line":119},"3":{"loc":{"start":{"line":128,"column":7},"end":{"line":155,"column":7}},"type":"binary-expr","locations":[{"start":{"line":128,"column":7},"end":{"line":128,"column":11}},{"start":{"line":129,"column":8},"end":{"line":154,"column":14}}],"line":128},"4":{"loc":{"start":{"line":130,"column":11},"end":{"line":141,"column":11}},"type":"binary-expr","locations":[{"start":{"line":130,"column":11},"end":{"line":130,"column":24}},{"start":{"line":131,"column":12},"end":{"line":140,"column":14}}],"line":130},"5":{"loc":{"start":{"line":144,"column":75},"end":{"line":150,"column":11}},"type":"binary-expr","locations":[{"start":{"line":144,"column":75},"end":{"line":144,"column":79}},{"start":{"line":145,"column":12},"end":{"line":149,"column":14}}],"line":144}},"s":{"0":0,"1":0,"2":0,"3":0,"4":0,"5":0,"6":0,"7":0,"8":0,"9":0,"10":0,"11":0,"12":0,"13":0,"14":0,"15":0,"16":0,"17":0,"18":0,"19":0,"20":0,"21":0,"22":0,"23":0,"24":0,"25":0,"26":0,"27":0,"28":0,"29":0,"30":0,"31":0,"32":0,"33":0,"34":0,"35":0,"36":0,"37":0,"38":0,"39":0,"40":0,"41":0,"42":0,"43":0,"44":0,"45":0,"46":0,"47":0,"48":0,"49":0,"50":0,"51":0,"52":0,"53":0,"54":0,"55":0,"56":0,"57":0,"58":0,"59":0,"60":0,"61":0,"62":0,"63":0,"64":0,"65":0},"f":{"0":0,"1":0,"2":0,"3":0,"4":0,"5":0,"6":0,"7":0,"8":0,"9":0,"10":0,"11":0,"12":0},"b":{"0":[0,0],"1":[0,0],"2":[0,0],"3":[0,0],"4":[0,0],"5":[0,0]}}
,"C:\\Users\\USER\\Documents\\fto5\\fullstackopen\\part5\\bloglist-frontend\\src\\main.jsx": {"path":"C:\\Users\\USER\\Documents\\fto5\\fullstackopen\\part5\\bloglist-frontend\\src\\main.jsx","statementMap":{"0":{"start":{"line":4,"column":0},"end":{"line":4,"column":68}}},"fnMap":{},"branchMap":{},"s":{"0":0},"f":{},"b":{}}
,"C:\\Users\\USER\\Documents\\fto5\\fullstackopen\\part5\\bloglist-frontend\\src\\components\\Blog.jsx": {"path":"C:\\Users\\USER\\Documents\\fto5\\fullstackopen\\part5\\bloglist-frontend\\src\\components\\Blog.jsx","statementMap":{"0":{"start":{"line":5,"column":13},"end":{"line":30,"column":1}},"1":{"start":{"line":6,"column":27},"end":{"line":6,"column":38}},"2":{"start":{"line":7,"column":32},"end":{"line":7,"column":46}},"3":{"start":{"line":9,"column":18},"end":{"line":12,"column":3}},"4":{"start":{"line":10,"column":4},"end":{"line":10,"column":28}},"5":{"start":{"line":10,"column":19},"end":{"line":10,"column":27}},"6":{"start":{"line":11,"column":4},"end":{"line":11,"column":32}},"7":{"start":{"line":13,"column":11},"end":{"line":13,"column":34}},"8":{"start":{"line":14,"column":15},"end":{"line":19,"column":3}},"9":{"start":{"line":21,"column":2},"end":{"line":29,"column":3}},"10":{"start":{"line":25,"column":31},"end":{"line":25,"column":53}},"11":{"start":{"line":26,"column":31},"end":{"line":26,"column":56}},"12":{"start":{"line":27,"column":31},"end":{"line":27,"column":51}}},"fnMap":{"0":{"name":"(anonymous_0)","decl":{"start":{"line":5,"column":13},"end":{"line":5,"column":14}},"loc":{"start":{"line":5,"column":33},"end":{"line":30,"column":1}},"line":5},"1":{"name":"(anonymous_1)","decl":{"start":{"line":9,"column":18},"end":{"line":9,"column":19}},"loc":{"start":{"line":9,"column":38},"end":{"line":12,"column":3}},"line":9},"2":{"name":"(anonymous_2)","decl":{"start":{"line":10,"column":13},"end":{"line":10,"column":14}},"loc":{"start":{"line":10,"column":19},"end":{"line":10,"column":27}},"line":10},"3":{"name":"(anonymous_3)","decl":{"start":{"line":25,"column":25},"end":{"line":25,"column":26}},"loc":{"start":{"line":25,"column":31},"end":{"line":25,"column":53}},"line":25},"4":{"name":"(anonymous_4)","decl":{"start":{"line":26,"column":23},"end":{"line":26,"column":24}},"loc":{"start":{"line":26,"column":29},"end":{"line":26,"column":58}},"line":26},"5":{"name":"(anonymous_5)","decl":{"start":{"line":27,"column":23},"end":{"line":27,"column":24}},"loc":{"start":{"line":27,"column":29},"end":{"line":27,"column":53}},"line":27}},"branchMap":{"0":{"loc":{"start":{"line":13,"column":11},"end":{"line":13,"column":34}},"type":"cond-expr","locations":[{"start":{"line":13,"column":24},"end":{"line":13,"column":25}},{"start":{"line":13,"column":28},"end":{"line":13,"column":34}}],"line":13},"1":{"loc":{"start":{"line":24,"column":7},"end":{"line":25,"column":96}},"type":"binary-expr","locations":[{"start":{"line":24,"column":7},"end":{"line":24,"column":14}},{"start":{"line":24,"column":18},"end":{"line":25,"column":96}}],"line":24},"2":{"loc":{"start":{"line":27,"column":56},"end":{"line":27,"column":86}},"type":"cond-expr","locations":[{"start":{"line":27,"column":66},"end":{"line":27,"column":75}},{"start":{"line":27,"column":78},"end":{"line":27,"column":86}}],"line":27}},"s":{"0":1,"1":3,"2":3,"3":3,"4":0,"5":0,"6":0,"7":3,"8":3,"9":3,"10":0,"11":1,"12":0},"f":{"0":3,"1":0,"2":0,"3":0,"4":1,"5":0},"b":{"0":[3,0],"1":[3,3],"2":[3,0]},"_coverageSchema":"1a1c01bbd47fc00a2c39e90264f33305004495a9","hash":"e8ce9b0addb9a88f6b33ac013ba54f3def6d7172"}
,"C:\\Users\\USER\\Documents\\fto5\\fullstackopen\\part5\\bloglist-frontend\\src\\components\\Formblog.jsx": {"path":"C:\\Users\\USER\\Documents\\fto5\\fullstackopen\\part5\\bloglist-frontend\\src\\components\\Formblog.jsx","statementMap":{"0":{"start":{"line":14,"column":32},"end":{"line":14,"column":46}},"1":{"start":{"line":16,"column":2},"end":{"line":41,"column":3}},"2":{"start":{"line":17,"column":44},"end":{"line":17,"column":57}},"3":{"start":{"line":22,"column":25},"end":{"line":22,"column":48}},"4":{"start":{"line":28,"column":25},"end":{"line":28,"column":50}},"5":{"start":{"line":33,"column":25},"end":{"line":33,"column":47}},"6":{"start":{"line":39,"column":27},"end":{"line":39,"column":47}}},"fnMap":{"0":{"name":"Formblog","decl":{"start":{"line":4,"column":24},"end":{"line":4,"column":32}},"loc":{"start":{"line":12,"column":2},"end":{"line":42,"column":1}},"line":12},"1":{"name":"(anonymous_1)","decl":{"start":{"line":17,"column":37},"end":{"line":17,"column":38}},"loc":{"start":{"line":17,"column":44},"end":{"line":17,"column":57}},"line":17},"2":{"name":"(anonymous_2)","decl":{"start":{"line":22,"column":18},"end":{"line":22,"column":19}},"loc":{"start":{"line":22,"column":25},"end":{"line":22,"column":48}},"line":22},"3":{"name":"(anonymous_3)","decl":{"start":{"line":28,"column":18},"end":{"line":28,"column":19}},"loc":{"start":{"line":28,"column":25},"end":{"line":28,"column":50}},"line":28},"4":{"name":"(anonymous_4)","decl":{"start":{"line":33,"column":18},"end":{"line":33,"column":19}},"loc":{"start":{"line":33,"column":25},"end":{"line":33,"column":47}},"line":33},"5":{"name":"(anonymous_5)","decl":{"start":{"line":39,"column":21},"end":{"line":39,"column":22}},"loc":{"start":{"line":39,"column":27},"end":{"line":39,"column":47}},"line":39}},"branchMap":{"0":{"loc":{"start":{"line":17,"column":10},"end":{"line":38,"column":11}},"type":"binary-expr","locations":[{"start":{"line":17,"column":10},"end":{"line":17,"column":17}},{"start":{"line":17,"column":21},"end":{"line":38,"column":11}}],"line":17},"1":{"loc":{"start":{"line":39,"column":50},"end":{"line":39,"column":80}},"type":"cond-expr","locations":[{"start":{"line":39,"column":60},"end":{"line":39,"column":68}},{"start":{"line":39,"column":71},"end":{"line":39,"column":80}}],"line":39}},"s":{"0":1,"1":1,"2":1,"3":1,"4":0,"5":0,"6":0},"f":{"0":1,"1":1,"2":1,"3":0,"4":0,"5":0},"b":{"0":[1,1],"1":[1,0]},"_coverageSchema":"1a1c01bbd47fc00a2c39e90264f33305004495a9","hash":"4299efc9acdaf53db16e03e55687ad307dd2568e"}
,"C:\\Users\\USER\\Documents\\fto5\\fullstackopen\\part5\\bloglist-frontend\\src\\components\\Login.jsx": {"path":"C:\\Users\\USER\\Documents\\fto5\\fullstackopen\\part5\\bloglist-frontend\\src\\components\\Login.jsx","statementMap":{"0":{"start":{"line":9,"column":2},"end":{"line":34,"column":3}},"1":{"start":{"line":19,"column":38},"end":{"line":19,"column":63}},"2":{"start":{"line":28,"column":38},"end":{"line":28,"column":63}}},"fnMap":{"0":{"name":"Login","decl":{"start":{"line":3,"column":24},"end":{"line":3,"column":29}},"loc":{"start":{"line":7,"column":17},"end":{"line":35,"column":1}},"line":7},"1":{"name":"(anonymous_1)","decl":{"start":{"line":19,"column":22},"end":{"line":19,"column":23}},"loc":{"start":{"line":19,"column":38},"end":{"line":19,"column":63}},"line":19},"2":{"name":"(anonymous_2)","decl":{"start":{"line":28,"column":22},"end":{"line":28,"column":23}},"loc":{"start":{"line":28,"column":38},"end":{"line":28,"column":63}},"line":28}},"branchMap":{},"s":{"0":0,"1":0,"2":0},"f":{"0":0,"1":0,"2":0},"b":{}}
,"C:\\Users\\USER\\Documents\\fto5\\fullstackopen\\part5\\bloglist-frontend\\src\\components\\Notification.jsx": {"path":"C:\\Users\\USER\\Documents\\fto5\\fullstackopen\\part5\\bloglist-frontend\\src\\components\\Notification.jsx","statementMap":{"0":{"start":{"line":6,"column":2},"end":{"line":10,"column":15}},"1":{"start":{"line":7,"column":4},"end":{"line":9,"column":12}},"2":{"start":{"line":8,"column":6},"end":{"line":8,"column":22}},"3":{"start":{"line":13,"column":2},"end":{"line":15,"column":3}},"4":{"start":{"line":14,"column":4},"end":{"line":14,"column":15}},"5":{"start":{"line":16,"column":2},"end":{"line":16,"column":54}}},"fnMap":{"0":{"name":"Notification","decl":{"start":{"line":3,"column":24},"end":{"line":3,"column":36}},"loc":{"start":{"line":3,"column":62},"end":{"line":17,"column":1}},"line":3},"1":{"name":"(anonymous_1)","decl":{"start":{"line":6,"column":12},"end":{"line":6,"column":13}},"loc":{"start":{"line":6,"column":18},"end":{"line":10,"column":3}},"line":6},"2":{"name":"(anonymous_2)","decl":{"start":{"line":7,"column":15},"end":{"line":7,"column":16}},"loc":{"start":{"line":7,"column":21},"end":{"line":9,"column":5}},"line":7}},"branchMap":{"0":{"loc":{"start":{"line":13,"column":2},"end":{"line":15,"column":3}},"type":"if","locations":[{"start":{"line":13,"column":2},"end":{"line":15,"column":3}},{"start":{},"end":{}}],"line":13}},"s":{"0":0,"1":0,"2":0,"3":0,"4":0,"5":0},"f":{"0":0,"1":0,"2":0},"b":{"0":[0,0]}}
,"C:\\Users\\USER\\Documents\\fto5\\fullstackopen\\part5\\bloglist-frontend\\src\\services\\blogs.js": {"path":"C:\\Users\\USER\\Documents\\fto5\\fullstackopen\\part5\\bloglist-frontend\\src\\services\\blogs.js","statementMap":{"0":{"start":{"line":2,"column":16},"end":{"line":2,"column":49}},"1":{"start":{"line":3,"column":21},"end":{"line":3,"column":54}},"2":{"start":{"line":6,"column":12},"end":{"line":6,"column":16}},"3":{"start":{"line":8,"column":17},"end":{"line":10,"column":1}},"4":{"start":{"line":9,"column":2},"end":{"line":9,"column":30}},"5":{"start":{"line":12,"column":15},"end":{"line":18,"column":1}},"6":{"start":{"line":13,"column":17},"end":{"line":15,"column":3}},"7":{"start":{"line":16,"column":19},"end":{"line":16,"column":63}},"8":{"start":{"line":17,"column":2},"end":{"line":17,"column":22}},"9":{"start":{"line":20,"column":15},"end":{"line":23,"column":1}},"10":{"start":{"line":21,"column":18},"end":{"line":21,"column":36}},"11":{"start":{"line":22,"column":2},"end":{"line":22,"column":48}},"12":{"start":{"line":22,"column":34},"end":{"line":22,"column":47}},"13":{"start":{"line":24,"column":14},"end":{"line":27,"column":1}},"14":{"start":{"line":25,"column":19},"end":{"line":25,"column":62}},"15":{"start":{"line":26,"column":2},"end":{"line":26,"column":22}},"16":{"start":{"line":28,"column":15},"end":{"line":31,"column":1}},"17":{"start":{"line":29,"column":18},"end":{"line":29,"column":59}},"18":{"start":{"line":30,"column":2},"end":{"line":30,"column":48}},"19":{"start":{"line":30,"column":34},"end":{"line":30,"column":47}},"20":{"start":{"line":33,"column":13},"end":{"line":36,"column":1}},"21":{"start":{"line":34,"column":18},"end":{"line":34,"column":52}},"22":{"start":{"line":35,"column":2},"end":{"line":35,"column":48}},"23":{"start":{"line":35,"column":34},"end":{"line":35,"column":47}}},"fnMap":{"0":{"name":"(anonymous_0)","decl":{"start":{"line":8,"column":17},"end":{"line":8,"column":18}},"loc":{"start":{"line":8,"column":29},"end":{"line":10,"column":1}},"line":8},"1":{"name":"(anonymous_1)","decl":{"start":{"line":12,"column":15},"end":{"line":12,"column":16}},"loc":{"start":{"line":12,"column":34},"end":{"line":18,"column":1}},"line":12},"2":{"name":"(anonymous_2)","decl":{"start":{"line":20,"column":15},"end":{"line":20,"column":16}},"loc":{"start":{"line":20,"column":21},"end":{"line":23,"column":1}},"line":20},"3":{"name":"(anonymous_3)","decl":{"start":{"line":22,"column":22},"end":{"line":22,"column":23}},"loc":{"start":{"line":22,"column":34},"end":{"line":22,"column":47}},"line":22},"4":{"name":"(anonymous_4)","decl":{"start":{"line":24,"column":14},"end":{"line":24,"column":15}},"loc":{"start":{"line":24,"column":35},"end":{"line":27,"column":1}},"line":24},"5":{"name":"(anonymous_5)","decl":{"start":{"line":28,"column":15},"end":{"line":28,"column":16}},"loc":{"start":{"line":28,"column":34},"end":{"line":31,"column":1}},"line":28},"6":{"name":"(anonymous_6)","decl":{"start":{"line":30,"column":22},"end":{"line":30,"column":23}},"loc":{"start":{"line":30,"column":34},"end":{"line":30,"column":47}},"line":30},"7":{"name":"(anonymous_7)","decl":{"start":{"line":33,"column":13},"end":{"line":33,"column":14}},"loc":{"start":{"line":33,"column":21},"end":{"line":36,"column":1}},"line":33},"8":{"name":"(anonymous_8)","decl":{"start":{"line":35,"column":22},"end":{"line":35,"column":23}},"loc":{"start":{"line":35,"column":34},"end":{"line":35,"column":47}},"line":35}},"branchMap":{},"s":{"0":1,"1":1,"2":1,"3":1,"4":0,"5":1,"6":0,"7":0,"8":0,"9":1,"10":0,"11":0,"12":0,"13":1,"14":0,"15":0,"16":1,"17":0,"18":0,"19":0,"20":1,"21":0,"22":0,"23":0},"f":{"0":0,"1":0,"2":0,"3":0,"4":0,"5":0,"6":0,"7":0,"8":0},"b":{},"_coverageSchema":"1a1c01bbd47fc00a2c39e90264f33305004495a9","hash":"75de3ebfd09dc9276d96a0b281abd5f193b27f83"}
}
